 ELAPSED TIME =    0.25 SECONDS
 <<<< (2.000000 / 1.005400) out of axis scaling!

 <<<<<<<<<<<<<<<<<<<<<<<<<<<<<<<<<<<<<<<<<<<<<<<<<<<<<<<<<<<<<<<<<<
 <<                END OF DISLIN / VERSION 10.0 B                <<
 <<  Date    : 13.01.2012  Time    : 12:53:21  Pageformat: DA4L  <<
 <<  Vectors : 192         Warnings: 0         Fileformat:  PNG  <<
 <<  Metafile: /home/bear/MC7Btst/REG1/MC7Bt/bear/default/chemp  <<
 <<<<<<<<<<<<<<<<<<<<<<<<<<<<<<<<<<<<<<<<<<<<<<<<<<<<<<<<<<<<<<<<<<


 <<<<<<<<<<<<<<<<<<<<<<<<<<<<<<<<<<<<<<<<<<<<<<<<<<<<<<<<<<<<<<<<<<
 <<                END OF DISLIN / VERSION 10.0 B                <<
 <<  Date    : 13.01.2012  Time    : 12:53:21  Pageformat: DA4L  <<
 <<  Vectors : 192         Warnings: 0         Fileformat:  PNG  <<
 <<  Metafile: /home/bear/MC7Btst/REG1/MC7Bt/bear/default/chemp  <<
 <<<<<<<<<<<<<<<<<<<<<<<<<<<<<<<<<<<<<<<<<<<<<<<<<<<<<<<<<<<<<<<<<<


 <<<<<<<<<<<<<<<<<<<<<<<<<<<<<<<<<<<<<<<<<<<<<<<<<<<<<<<<<<<<<<<<<<
 <<                END OF DISLIN / VERSION 10.0 B                <<
 <<  Date    : 13.01.2012  Time    : 12:53:21  Pageformat: DA4L  <<
 <<  Vectors : 192         Warnings: 0         Fileformat:  PNG  <<
 <<  Metafile: /home/bear/MC7Btst/REG1/MC7Bt/bear/default/chemp  <<
 <<<<<<<<<<<<<<<<<<<<<<<<<<<<<<<<<<<<<<<<<<<<<<<<<<<<<<<<<<<<<<<<<<


 <<<<<<<<<<<<<<<<<<<<<<<<<<<<<<<<<<<<<<<<<<<<<<<<<<<<<<<<<<<<<<<<<<
 <<                END OF DISLIN / VERSION 10.0 B                <<
 <<  Date    : 13.01.2012  Time    : 12:53:21  Pageformat: DA4L  <<
 <<  Vectors : 192         Warnings: 0         Fileformat:  PNG  <<
 <<  Metafile: /home/bear/MC7Btst/REG1/MC7Bt/bear/default/chemp  <<
 <<<<<<<<<<<<<<<<<<<<<<<<<<<<<<<<<<<<<<<<<<<<<<<<<<<<<<<<<<<<<<<<<<


 <<<<<<<<<<<<<<<<<<<<<<<<<<<<<<<<<<<<<<<<<<<<<<<<<<<<<<<<<<<<<<<<<<
 <<                END OF DISLIN / VERSION 10.0 B                <<
 <<  Date    : 13.01.2012  Time    : 12:53:21  Pageformat: DA4L  <<
 <<  Vectors : 192         Warnings: 0         Fileformat:  PNG  <<
 <<  Metafile: /home/bear/MC7Btst/REG1/MC7Bt/bear/default/chemp  <<
 <<<<<<<<<<<<<<<<<<<<<<<<<<<<<<<<<<<<<<<<<<<<<<<<<<<<<<<<<<<<<<<<<<


 <<<<<<<<<<<<<<<<<<<<<<<<<<<<<<<<<<<<<<<<<<<<<<<<<<<<<<<<<<<<<<<<<<
 <<                END OF DISLIN / VERSION 10.0 B                <<
 <<  Date    : 13.01.2012  Time    : 12:53:21  Pageformat: DA4L  <<
 <<  Vectors : 192         Warnings: 0         Fileformat:  PNG  <<
 <<  Metafile: /home/bear/MC7Btst/REG1/MC7Bt/bear/default/chemp  <<
 <<<<<<<<<<<<<<<<<<<<<<<<<<<<<<<<<<<<<<<<<<<<<<<<<<<<<<<<<<<<<<<<<<

