 DISPLAYTRAJECTORY ITERATIONS AT ALTITUDE=    0.          
 DISPLAYTRAJECTORY ITERATIONS AT ALTITUDE=10000.          
 DISPLAYTRAJECTORY ITERATIONS AT ALTITUDE=20000.          
 DISPLAYTRAJECTORY ITERATIONS AT ALTITUDE=30000.          
 DISPLAYTRAJECTORY ITERATIONS AT ALTITUDE=40000.          
 DISPLAYTRAJECTORY ITERATIONS AT ALTITUDE=50000.          
 ELAPSED TIME =    0.52 SECONDS

 <<<<<<<<<<<<<<<<<<<<<<<<<<<<<<<<<<<<<<<<<<<<<<<<<<<<<<<<<<<<<<<<<<
 <<                END OF DISLIN / VERSION 10.0 B                <<
 <<  Date    : 13.01.2012  Time    : 14:52:06  Pageformat: DA4L  <<
 <<  Vectors : 99          Warnings: 0         Fileformat:  PNG  <<
 <<  Metafile: /home/bear/MC7Btst/REG1/MC7Bt/bear/default/eject  <<
 <<<<<<<<<<<<<<<<<<<<<<<<<<<<<<<<<<<<<<<<<<<<<<<<<<<<<<<<<<<<<<<<<<


 <<<<<<<<<<<<<<<<<<<<<<<<<<<<<<<<<<<<<<<<<<<<<<<<<<<<<<<<<<<<<<<<<<
 <<                END OF DISLIN / VERSION 10.0 B                <<
 <<  Date    : 13.01.2012  Time    : 14:52:06  Pageformat: DA4L  <<
 <<  Vectors : 89          Warnings: 0         Fileformat:  PNG  <<
 <<  Metafile: /home/bear/MC7Btst/REG1/MC7Bt/bear/default/eject  <<
 <<<<<<<<<<<<<<<<<<<<<<<<<<<<<<<<<<<<<<<<<<<<<<<<<<<<<<<<<<<<<<<<<<


 <<<<<<<<<<<<<<<<<<<<<<<<<<<<<<<<<<<<<<<<<<<<<<<<<<<<<<<<<<<<<<<<<<
 <<                END OF DISLIN / VERSION 10.0 B                <<
 <<  Date    : 13.01.2012  Time    : 14:52:06  Pageformat: DA4L  <<
 <<  Vectors : 89          Warnings: 0         Fileformat:  PNG  <<
 <<  Metafile: /home/bear/MC7Btst/REG1/MC7Bt/bear/default/eject  <<
 <<<<<<<<<<<<<<<<<<<<<<<<<<<<<<<<<<<<<<<<<<<<<<<<<<<<<<<<<<<<<<<<<<


 <<<<<<<<<<<<<<<<<<<<<<<<<<<<<<<<<<<<<<<<<<<<<<<<<<<<<<<<<<<<<<<<<<
 <<                END OF DISLIN / VERSION 10.0 B                <<
 <<  Date    : 13.01.2012  Time    : 14:52:06  Pageformat: DA4L  <<
 <<  Vectors : 89          Warnings: 0         Fileformat:  PNG  <<
 <<  Metafile: /home/bear/MC7Btst/REG1/MC7Bt/bear/default/eject  <<
 <<<<<<<<<<<<<<<<<<<<<<<<<<<<<<<<<<<<<<<<<<<<<<<<<<<<<<<<<<<<<<<<<<


 <<<<<<<<<<<<<<<<<<<<<<<<<<<<<<<<<<<<<<<<<<<<<<<<<<<<<<<<<<<<<<<<<<
 <<                END OF DISLIN / VERSION 10.0 B                <<
 <<  Date    : 13.01.2012  Time    : 14:52:06  Pageformat: DA4L  <<
 <<  Vectors : 89          Warnings: 0         Fileformat:  PNG  <<
 <<  Metafile: /home/bear/MC7Btst/REG1/MC7Bt/bear/default/eject  <<
 <<<<<<<<<<<<<<<<<<<<<<<<<<<<<<<<<<<<<<<<<<<<<<<<<<<<<<<<<<<<<<<<<<


 <<<<<<<<<<<<<<<<<<<<<<<<<<<<<<<<<<<<<<<<<<<<<<<<<<<<<<<<<<<<<<<<<<
 <<                END OF DISLIN / VERSION 10.0 B                <<
 <<  Date    : 13.01.2012  Time    : 14:52:06  Pageformat: DA4L  <<
 <<  Vectors : 89          Warnings: 0         Fileformat:  PNG  <<
 <<  Metafile: /home/bear/MC7Btst/REG1/MC7Bt/bear/default/eject  <<
 <<<<<<<<<<<<<<<<<<<<<<<<<<<<<<<<<<<<<<<<<<<<<<<<<<<<<<<<<<<<<<<<<<


 <<<<<<<<<<<<<<<<<<<<<<<<<<<<<<<<<<<<<<<<<<<<<<<<<<<<<<<<<<<<<<<<<<
 <<                END OF DISLIN / VERSION 10.0 B                <<
 <<  Date    : 13.01.2012  Time    : 14:52:06  Pageformat: DA4L  <<
 <<  Vectors : 53          Warnings: 0         Fileformat:  PNG  <<
 <<  Metafile: /home/bear/MC7Btst/REG1/MC7Bt/bear/default/eject  <<
 <<<<<<<<<<<<<<<<<<<<<<<<<<<<<<<<<<<<<<<<<<<<<<<<<<<<<<<<<<<<<<<<<<

